2/6/2013 10:44:23 PM	This log contains information about the import schema operation into project 'MVCFramework.Database' on computer 'NOIR-PC' by user 'noir2_000'.
2/6/2013 10:44:23 PM	Import of database schema has started.
2/6/2013 10:44:30 PM	Gathering database options
2/6/2013 10:44:30 PM	Gathering users
2/6/2013 10:44:30 PM	Gathering roles
2/6/2013 10:44:30 PM	Gathering application roles
2/6/2013 10:44:30 PM	Gathering role memberships
2/6/2013 10:44:30 PM	Gathering filegroups
2/6/2013 10:44:30 PM	Gathering full-text catalogs
2/6/2013 10:44:30 PM	Gathering assemblies
2/6/2013 10:44:30 PM	Gathering certificates
2/6/2013 10:44:30 PM	Gathering asymmetric keys
2/6/2013 10:44:30 PM	Gathering symmetric keys
2/6/2013 10:44:30 PM	Gathering encrypted symmetric keys
2/6/2013 10:44:30 PM	Gathering schemas
2/6/2013 10:44:30 PM	Gathering XML schema collections
2/6/2013 10:44:30 PM	Gathering user-defined data types
2/6/2013 10:44:30 PM	Gathering user-defined types
2/6/2013 10:44:30 PM	Gathering table types
2/6/2013 10:44:30 PM	Gathering unique keys for table types
2/6/2013 10:44:30 PM	Gathering primary keys for table types
2/6/2013 10:44:30 PM	Gathering check constraints for table types
2/6/2013 10:44:30 PM	Gathering default constraints for table types
2/6/2013 10:44:30 PM	Gathering partition functions
2/6/2013 10:44:30 PM	Gathering partition schemes
2/6/2013 10:44:30 PM	Gathering functions
2/6/2013 10:44:30 PM	Gathering encrypted functions
2/6/2013 10:44:30 PM	Gathering aggregates
2/6/2013 10:44:30 PM	Gathering procedures
2/6/2013 10:44:30 PM	Gathering encrypted procedures
2/6/2013 10:44:30 PM	Gathering tables
2/6/2013 10:44:30 PM	Gathering primary keys
2/6/2013 10:44:30 PM	Gathering unique constraints
2/6/2013 10:44:30 PM	Gathering foreign keys
2/6/2013 10:44:30 PM	Gathering default constraints
2/6/2013 10:44:30 PM	Gathering check constraints
2/6/2013 10:44:30 PM	Gathering views
2/6/2013 10:44:30 PM	Gathering encrypted views
2/6/2013 10:44:30 PM	Gathering indexes
2/6/2013 10:44:30 PM	Gathering statistics
2/6/2013 10:44:30 PM	Gathering full-text index stoplists
2/6/2013 10:44:30 PM	Gathering search property lists
2/6/2013 10:44:30 PM	Gathering search properties
2/6/2013 10:44:30 PM	Gathering full-text indexes
2/6/2013 10:44:30 PM	Gathering column store indexes
2/6/2013 10:44:30 PM	Gathering spatial indexes
2/6/2013 10:44:30 PM	Gathering XML indexes
2/6/2013 10:44:30 PM	Gathering encrypted triggers
2/6/2013 10:44:30 PM	Gathering triggers
2/6/2013 10:44:30 PM	Gathering encrypted and clr ddl triggers
2/6/2013 10:44:30 PM	Gathering ddl triggers
2/6/2013 10:44:30 PM	Gathering synonyms
2/6/2013 10:44:30 PM	Gathering defaults
2/6/2013 10:44:30 PM	Gathering data constraint uddt bindings
2/6/2013 10:44:30 PM	Gathering rules
2/6/2013 10:44:30 PM	Gathering data constraint uddt bindings
2/6/2013 10:44:30 PM	Gathering message types
2/6/2013 10:44:30 PM	Gathering queues
2/6/2013 10:44:30 PM	Gathering contracts
2/6/2013 10:44:30 PM	Gathering services
2/6/2013 10:44:30 PM	Gathering event notifications
2/6/2013 10:44:30 PM	Gathering remote service bindings
2/6/2013 10:44:30 PM	Gathering broker priorities
2/6/2013 10:44:30 PM	Gathering signatures
2/6/2013 10:44:30 PM	Gathering data compression options
2/6/2013 10:44:30 PM	Gathering sequence types
2/6/2013 10:44:30 PM	Gathering extended properties
2/6/2013 10:44:31 PM	Scanning project for duplicate elements
2/6/2013 10:44:31 PM	Finished duplicate element processing
2/6/2013 10:44:31 PM	Finished importing database.
2/6/2013 10:44:31 PM	A summary of the import was saved to the following location: D:\dev\evoshell\mvcframework\MVCFramework.Database\Import Schema Logs\MVCFramework.Databas_20130206084423.log
2/6/2013 10:44:31 PM	Click Finish to continue...
